<?xml version="1.0" encoding="UTF-8"?>
<!-- Generated by org.testng.reporters.JUnitXMLReporter -->
<testsuite ignored="0" hostname="DESKTOP-PDDGBC5" failures="0" tests="5" name="Chrome Test" time="384.923" errors="0" timestamp="2024-06-26T07:04:44 IST">
  <testcase classname="test.MyProfilePageTest" name="verifyEditProfile" time="25.365"/>
  <testcase classname="test.LoginPageTest" name="verifErrorMessageWhileUserLoginwithInvalidCredentials" time="1.985"/>
  <testcase classname="test.LoginPageTest" name="verifErrorMessageWhileUserLoginwithInvalidCredentials" time="1.665"/>
  <testcase classname="test.LoginPageTest" name="verifErrorMessageWhileUserLoginwithInvalidCredentials" time="2.913"/>
  <testcase classname="test.LoginPageTest" name="verifyUserLoginwithValidCredentials" time="177.963"/>
</testsuite> <!-- Chrome Test -->
