<?xml version="1.0" encoding="UTF-8"?>
<!-- Generated by org.testng.reporters.JUnitXMLReporter -->
<testsuite ignored="0" hostname="DESKTOP-PDDGBC5" failures="0" tests="4" name="LoginPageTest" time="37.611" errors="0" timestamp="2024-06-28T12:48:50 IST">
  <testcase classname="test.LoginPageTest" name="verifErrorMessageWhileUserLoginwithInvalidCredentials" time="0.0">
    <skipped/>
  </testcase> <!-- verifErrorMessageWhileUserLoginwithInvalidCredentials -->
  <testcase classname="test.LoginPageTest" name="verifErrorMessageWhileUserLoginwithInvalidCredentials" time="0.0">
    <skipped/>
  </testcase> <!-- verifErrorMessageWhileUserLoginwithInvalidCredentials -->
  <testcase classname="test.LoginPageTest" name="verifErrorMessageWhileUserLoginwithInvalidCredentials" time="0.0">
    <skipped/>
  </testcase> <!-- verifErrorMessageWhileUserLoginwithInvalidCredentials -->
  <testcase classname="test.LoginPageTest" name="verifyUserLoginwithValidCredentials" time="0.0">
    <skipped/>
  </testcase> <!-- verifyUserLoginwithValidCredentials -->
</testsuite> <!-- LoginPageTest -->
