<?xml version="1.0" encoding="UTF-8"?>
<!-- Generated by org.testng.reporters.JUnitXMLReporter -->
<testsuite ignored="1" hostname="DESKTOP-PDDGBC5" failures="0" tests="1" name="Default test" time="99.913" errors="0" timestamp="2024-06-24T22:55:48 IST">
  <testcase classname="test.LoginPageTest" name="verifyUserLoginwithValidCredentials" time="24.857"/>
  <testcase classname="test.LoginPageTest" name="verifErrorMessageWhileUserLoginwithInvalidCredentials" time="0.0">
    <ignored/>
  </testcase> <!-- verifErrorMessageWhileUserLoginwithInvalidCredentials -->
</testsuite> <!-- Default test -->
