<?xml version="1.0" encoding="UTF-8"?>
<!-- Generated by org.testng.reporters.JUnitXMLReporter -->
<testsuite ignored="2" hostname="DESKTOP-PDDGBC5" failures="0" tests="2" name="All Test Cases" time="107.234" errors="0" timestamp="2024-07-02T00:09:45 IST">
  <testcase classname="test.ResetPageTest" name="verifyErrorMessageWithInvalidEmailidOnForgotPassword" time="11.846"/>
  <testcase classname="test.ResetPageTest" name="verifyResetPassword" time="33.694"/>
  <testcase classname="test.HomePageTest" name="verifyHomePageTitle" time="0.0">
    <ignored/>
  </testcase> <!-- verifyHomePageTitle -->
  <testcase classname="test.HomePageTest" name="verifyUserLoginDate" time="0.0">
    <ignored/>
  </testcase> <!-- verifyUserLoginDate -->
</testsuite> <!-- All Test Cases -->
