<?xml version="1.0" encoding="UTF-8"?>
<!-- Generated by org.testng.reporters.JUnitXMLReporter -->
<testsuite ignored="3" hostname="DESKTOP-PDDGBC5" failures="1" tests="1" name="All Test Cases" time="4.367" errors="0" timestamp="2024-06-28T12:22:03 IST">
  <testcase classname="test.ResetPageTest" name="verifyResetPassword" time="4.232">
    <failure type="java.lang.NullPointerException" message="Cannot invoke &amp;quot;org.openqa.selenium.SearchContext.findElement(org.openqa.selenium.By)&amp;quot; because &amp;quot;this.searchContext&amp;quot; is null">
      <![CDATA[java.lang.NullPointerException: Cannot invoke "org.openqa.selenium.SearchContext.findElement(org.openqa.selenium.By)" because "this.searchContext" is null
at org.openqa.selenium.support.pagefactory.DefaultElementLocator.findElement(DefaultElementLocator.java:68)
at org.openqa.selenium.support.pagefactory.internal.LocatingElementHandler.invoke(LocatingElementHandler.java:38)
at jdk.proxy2/jdk.proxy2.$Proxy12.click(Unknown Source)
at pageobject.LoginPage.clickOnForgotPassword(LoginPage.java:59)
at test.ResetPageTest.verifyResetPassword(ResetPageTest.java:24)
at java.base/java.util.ArrayList.forEach(ArrayList.java:1511)
... Removed 27 stack frames]]>
    </failure>
  </testcase> <!-- verifyResetPassword -->
  <testcase classname="test.HomePageTest" name="verifyHomePageTitle" time="0.0">
    <ignored/>
  </testcase> <!-- verifyHomePageTitle -->
  <testcase classname="test.HomePageTest" name="verifyUserLoginDate" time="0.0">
    <ignored/>
  </testcase> <!-- verifyUserLoginDate -->
  <testcase classname="test.ResetPageTest" name="verifyErrorMessageWithInvalidEmailidOnForgotPassword" time="0.0">
    <ignored/>
  </testcase> <!-- verifyErrorMessageWithInvalidEmailidOnForgotPassword -->
</testsuite> <!-- All Test Cases -->
