<?xml version="1.0" encoding="UTF-8"?>
<testng-results ignored="0" total="1" passed="1" failed="0" skipped="0">
  <reporter-output>
  </reporter-output>
  <suite started-at="2024-06-24T22:54:06 IST" name="Default suite" finished-at="2024-06-24T22:55:46 IST" duration-ms="99913">
    <groups>
    </groups>
    <test started-at="2024-06-24T22:54:06 IST" name="Default test" finished-at="2024-06-24T22:55:46 IST" duration-ms="99913">
      <class name="test.LoginPageTest">
        <test-method is-config="true" signature="setUp()[pri:0, instance:test.LoginPageTest@1bd4fdd]" started-at="2024-06-24T22:54:06 IST" name="setUp" finished-at="2024-06-24T22:55:21 IST" duration-ms="74933" status="PASS">
          <reporter-output>
          </reporter-output>
        </test-method> <!-- setUp -->
        <test-method signature="verifyUserLoginwithValidCredentials()[pri:0, instance:test.LoginPageTest@1bd4fdd]" started-at="2024-06-24T22:55:21 IST" name="verifyUserLoginwithValidCredentials" finished-at="2024-06-24T22:55:46 IST" duration-ms="24857" status="PASS">
          <reporter-output>
          </reporter-output>
        </test-method> <!-- verifyUserLoginwithValidCredentials -->
        <test-method is-config="true" signature="closeBrowser()[pri:0, instance:test.LoginPageTest@1bd4fdd]" started-at="2024-06-24T22:55:46 IST" name="closeBrowser" finished-at="2024-06-24T22:55:46 IST" duration-ms="0" status="PASS">
          <reporter-output>
          </reporter-output>
        </test-method> <!-- closeBrowser -->
      </class> <!-- test.LoginPageTest -->
    </test> <!-- Default test -->
  </suite> <!-- Default suite -->
</testng-results>
