<?xml version="1.0" encoding="UTF-8"?>
<testng-results ignored="0" total="1" passed="1" failed="0" skipped="0">
  <reporter-output>
  </reporter-output>
  <suite started-at="2024-06-29T20:20:26 IST" name="Default suite" finished-at="2024-06-29T20:21:12 IST" duration-ms="45714">
    <groups>
    </groups>
    <test started-at="2024-06-29T20:20:26 IST" name="Default test" finished-at="2024-06-29T20:21:12 IST" duration-ms="45714">
      <class name="test.UserPageTest">
        <test-method is-config="true" signature="setUp()[pri:0, instance:test.UserPageTest@327514f]" started-at="2024-06-29T20:20:26 IST" name="setUp" finished-at="2024-06-29T20:20:57 IST" duration-ms="31548" status="PASS">
          <reporter-output>
          </reporter-output>
        </test-method> <!-- setUp -->
        <test-method signature="verifySearchUser()[pri:0, instance:test.UserPageTest@327514f]" started-at="2024-06-29T20:20:58 IST" name="verifySearchUser" finished-at="2024-06-29T20:21:12 IST" duration-ms="14017" status="PASS">
          <reporter-output>
          </reporter-output>
        </test-method> <!-- verifySearchUser -->
        <test-method is-config="true" signature="closeBrowser()[pri:0, instance:test.UserPageTest@327514f]" started-at="2024-06-29T20:21:12 IST" name="closeBrowser" finished-at="2024-06-29T20:21:12 IST" duration-ms="1" status="PASS">
          <reporter-output>
          </reporter-output>
        </test-method> <!-- closeBrowser -->
      </class> <!-- test.UserPageTest -->
    </test> <!-- Default test -->
  </suite> <!-- Default suite -->
</testng-results>
